Thu Oct 30 08:59:36 CET 2014 : Apache Derby Network Server - 10.11.1.1 - (1616546) démarré et prêt à accepter les connexions sur le port 1527
----------------------------------------------------------------
Thu Oct 30 08:59:41 CET 2014:
Amorçage de Derby version The Apache Software Foundation - Apache Derby - 10.11.1.1 - (1616546) : instance a816c00e-0149-6011-248a-0000653f9bc7 
dans le répertoire de base de données C:\Users\Joris\git\JavaEE-EventManager\bdd\bin\eventBDD avec le chargeur de classe sun.misc.Launcher$AppClassLoader@610455d6
Chargé de file:/C:/Users/Joris/git/JavaEE-EventManager/bdd/lib/derby.jar
java.vendor=Oracle Corporation
java.runtime.version=1.8.0_20-b26
user.dir=C:\Users\Joris\git\JavaEE-EventManager\bdd\bin
os.name=Windows 7
os.arch=amd64
os.version=6.1
derby.system.home=C:\Users\Joris\git\JavaEE-EventManager\bdd\bin
Chargeur de classe de la base de données démarré - derby.database.classpath = ''
----------------------------------------------------------------
Thu Oct 30 16:40:33 CET 2014:
Fermeture de l'instance a816c00e-0149-6011-248a-0000653f9bc7 sur le répertoire de base de données C:\Users\Joris\git\JavaEE-EventManager\bdd\bin\eventBDD avec le chargeur de classe sun.misc.Launcher$AppClassLoader@610455d6 
Thu Oct 30 16:40:33 CET 2014 Thread[DRDAConnThread_13,5,main] (DATABASE = eventBDD), (DRDAID = {111}), Arrêt de la base de données 'eventBDD'.
----------------------------------------------------------------
Thu Oct 30 16:40:35 CET 2014:
Amorçage de Derby version The Apache Software Foundation - Apache Derby - 10.11.1.1 - (1616546) : instance 8a6943a7-0149-6011-248a-0000653f9bc7 
dans le répertoire de base de données C:\Users\Joris\git\JavaEE-EventManager\bdd\bin\eventBDD avec le chargeur de classe sun.misc.Launcher$AppClassLoader@610455d6
Chargé de file:/C:/Users/Joris/git/JavaEE-EventManager/bdd/lib/derby.jar
java.vendor=Oracle Corporation
java.runtime.version=1.8.0_20-b26
user.dir=C:\Users\Joris\git\JavaEE-EventManager\bdd\bin
os.name=Windows 7
os.arch=amd64
os.version=6.1
derby.system.home=C:\Users\Joris\git\JavaEE-EventManager\bdd\bin
Chargeur de classe de la base de données démarré - derby.database.classpath = ''
----------------------------------------------------------------
Thu Oct 30 16:41:33 CET 2014:
Fermeture de l'instance 8a6943a7-0149-6011-248a-0000653f9bc7 sur le répertoire de base de données C:\Users\Joris\git\JavaEE-EventManager\bdd\bin\eventBDD avec le chargeur de classe sun.misc.Launcher$AppClassLoader@610455d6 
Thu Oct 30 16:41:33 CET 2014 Thread[DRDAConnThread_21,5,main] (DATABASE = eventBDD), (DRDAID = {113}), Arrêt de la base de données 'eventBDD'.
----------------------------------------------------------------
Thu Oct 30 16:42:34 CET 2014:
Amorçage de Derby version The Apache Software Foundation - Apache Derby - 10.11.1.1 - (1616546) : instance aaaa03b0-0149-6011-248a-0000653f9bc7 
dans le répertoire de base de données C:\Users\Joris\git\JavaEE-EventManager\bdd\bin\eventBDD avec le chargeur de classe sun.misc.Launcher$AppClassLoader@610455d6
Chargé de file:/C:/Users/Joris/git/JavaEE-EventManager/bdd/lib/derby.jar
java.vendor=Oracle Corporation
java.runtime.version=1.8.0_20-b26
user.dir=C:\Users\Joris\git\JavaEE-EventManager\bdd\bin
os.name=Windows 7
os.arch=amd64
os.version=6.1
derby.system.home=C:\Users\Joris\git\JavaEE-EventManager\bdd\bin
Chargeur de classe de la base de données démarré - derby.database.classpath = ''
----------------------------------------------------------------
Thu Oct 30 17:08:02 CET 2014:
Fermeture de l'instance aaaa03b0-0149-6011-248a-0000653f9bc7 sur le répertoire de base de données C:\Users\Joris\git\JavaEE-EventManager\bdd\bin\eventBDD avec le chargeur de classe sun.misc.Launcher$AppClassLoader@610455d6 
Thu Oct 30 17:08:02 CET 2014 Thread[DRDAConnThread_6,5,main] (DATABASE = eventBDD), (DRDAID = {117}), Arrêt de la base de données 'eventBDD'.
----------------------------------------------------------------
Thu Oct 30 17:08:04 CET 2014:
Amorçage de Derby version The Apache Software Foundation - Apache Derby - 10.11.1.1 - (1616546) : instance c2880441-0149-6011-248a-0000653f9bc7 
dans le répertoire de base de données C:\Users\Joris\git\JavaEE-EventManager\bdd\bin\eventBDD avec le chargeur de classe sun.misc.Launcher$AppClassLoader@610455d6
Chargé de file:/C:/Users/Joris/git/JavaEE-EventManager/bdd/lib/derby.jar
java.vendor=Oracle Corporation
java.runtime.version=1.8.0_20-b26
user.dir=C:\Users\Joris\git\JavaEE-EventManager\bdd\bin
os.name=Windows 7
os.arch=amd64
os.version=6.1
derby.system.home=C:\Users\Joris\git\JavaEE-EventManager\bdd\bin
Chargeur de classe de la base de données démarré - derby.database.classpath = ''
